2020-07-11 12:12:34.6349|WARN|Microsoft.EntityFrameworkCore.Query|The LINQ expression 'where ([userData].Id == [profile].UserId)' could not be translated and will be evaluated locally.
2020-07-11 12:12:35.1265|WARN|Microsoft.EntityFrameworkCore.Query|The LINQ expression 'Any()' could not be translated and will be evaluated locally.
2020-07-11 12:12:35.1856|WARN|Microsoft.EntityFrameworkCore.Query|The LINQ expression 'where {from ApplicationUser userData in __users_0 where ([userData].Id == [profile].UserId) select [userData] => Any()}' could not be translated and will be evaluated locally.
2020-07-11 12:12:35.2032|WARN|Microsoft.EntityFrameworkCore.Query|The LINQ expression 'where ([userData].Id == [profile].UserId)' could not be translated and will be evaluated locally.
2020-07-11 12:12:35.2305|WARN|Microsoft.EntityFrameworkCore.Query|The LINQ expression 'Any()' could not be translated and will be evaluated locally.
2020-07-11 12:14:37.3909|WARN|Microsoft.EntityFrameworkCore.Query|The LINQ expression 'where ([userData].Id == [profile].UserId)' could not be translated and will be evaluated locally.
2020-07-11 12:14:37.5644|WARN|Microsoft.EntityFrameworkCore.Query|The LINQ expression 'Any()' could not be translated and will be evaluated locally.
2020-07-11 12:14:37.5644|WARN|Microsoft.EntityFrameworkCore.Query|The LINQ expression 'where {from ApplicationUser userData in __users_0 where ([userData].Id == [profile].UserId) select [userData] => Any()}' could not be translated and will be evaluated locally.
2020-07-11 12:14:37.5644|WARN|Microsoft.EntityFrameworkCore.Query|The LINQ expression 'where ([userData].Id == [profile].UserId)' could not be translated and will be evaluated locally.
2020-07-11 12:14:37.5644|WARN|Microsoft.EntityFrameworkCore.Query|The LINQ expression 'Any()' could not be translated and will be evaluated locally.
2020-07-11 12:15:42.1809|WARN|Microsoft.EntityFrameworkCore.Query|The LINQ expression 'where ([user].Id == [profile].UserId)' could not be translated and will be evaluated locally.
2020-07-11 12:15:42.1809|WARN|Microsoft.EntityFrameworkCore.Query|The LINQ expression 'Any()' could not be translated and will be evaluated locally.
2020-07-11 12:15:42.1809|WARN|Microsoft.EntityFrameworkCore.Query|The LINQ expression 'where {from ApplicationUser user in __users_0 where ([user].Id == [profile].UserId) select [user] => Any()}' could not be translated and will be evaluated locally.
2020-07-11 12:15:42.1890|WARN|Microsoft.EntityFrameworkCore.Query|The LINQ expression 'where ([user].Id == [profile].UserId)' could not be translated and will be evaluated locally.
2020-07-11 12:15:42.1890|WARN|Microsoft.EntityFrameworkCore.Query|The LINQ expression 'Any()' could not be translated and will be evaluated locally.
2020-07-11 12:18:42.0316|WARN|Microsoft.EntityFrameworkCore.Query|The LINQ expression 'where ([userData].Id == [profile].UserId)' could not be translated and will be evaluated locally.
2020-07-11 12:18:42.1973|WARN|Microsoft.EntityFrameworkCore.Query|The LINQ expression 'Any()' could not be translated and will be evaluated locally.
2020-07-11 12:18:42.2381|WARN|Microsoft.EntityFrameworkCore.Query|The LINQ expression 'where {from ApplicationUser userData in __users_0 where ([userData].Id == [profile].UserId) select [userData] => Any()}' could not be translated and will be evaluated locally.
2020-07-11 12:18:42.2381|WARN|Microsoft.EntityFrameworkCore.Query|The LINQ expression 'where ([userData].Id == [profile].UserId)' could not be translated and will be evaluated locally.
2020-07-11 12:18:42.2381|WARN|Microsoft.EntityFrameworkCore.Query|The LINQ expression 'Any()' could not be translated and will be evaluated locally.
2020-07-11 12:22:37.1982|WARN|Microsoft.EntityFrameworkCore.Query|The LINQ expression 'where ([userData].Id == [profile].UserId)' could not be translated and will be evaluated locally.
2020-07-11 12:22:37.3763|WARN|Microsoft.EntityFrameworkCore.Query|The LINQ expression 'Any()' could not be translated and will be evaluated locally.
2020-07-11 12:22:37.3763|WARN|Microsoft.EntityFrameworkCore.Query|The LINQ expression 'where {from ApplicationUser userData in __users_0 where ([userData].Id == [profile].UserId) select [userData] => Any()}' could not be translated and will be evaluated locally.
2020-07-11 12:22:37.3763|WARN|Microsoft.EntityFrameworkCore.Query|The LINQ expression 'where ([userData].Id == [profile].UserId)' could not be translated and will be evaluated locally.
2020-07-11 12:22:37.3763|WARN|Microsoft.EntityFrameworkCore.Query|The LINQ expression 'Any()' could not be translated and will be evaluated locally.
2020-07-11 12:23:48.1119|WARN|Microsoft.EntityFrameworkCore.Query|The LINQ expression 'where ([user].Id == [profile].UserId)' could not be translated and will be evaluated locally.
2020-07-11 12:23:48.1119|WARN|Microsoft.EntityFrameworkCore.Query|The LINQ expression 'Any()' could not be translated and will be evaluated locally.
2020-07-11 12:23:48.1276|WARN|Microsoft.EntityFrameworkCore.Query|The LINQ expression 'where {from ApplicationUser user in __users_0 where ([user].Id == [profile].UserId) select [user] => Any()}' could not be translated and will be evaluated locally.
2020-07-11 12:23:48.1276|WARN|Microsoft.EntityFrameworkCore.Query|The LINQ expression 'where ([user].Id == [profile].UserId)' could not be translated and will be evaluated locally.
2020-07-11 12:23:48.1276|WARN|Microsoft.EntityFrameworkCore.Query|The LINQ expression 'Any()' could not be translated and will be evaluated locally.
2020-07-11 12:25:45.3315|WARN|Microsoft.EntityFrameworkCore.Query|The LINQ expression 'where ([userData].Id == [profile].UserId)' could not be translated and will be evaluated locally.
2020-07-11 12:25:45.5000|WARN|Microsoft.EntityFrameworkCore.Query|The LINQ expression 'Any()' could not be translated and will be evaluated locally.
2020-07-11 12:25:45.5045|WARN|Microsoft.EntityFrameworkCore.Query|The LINQ expression 'where {from ApplicationUser userData in __users_0 where ([userData].Id == [profile].UserId) select [userData] => Any()}' could not be translated and will be evaluated locally.
2020-07-11 12:25:45.5045|WARN|Microsoft.EntityFrameworkCore.Query|The LINQ expression 'where ([userData].Id == [profile].UserId)' could not be translated and will be evaluated locally.
2020-07-11 12:25:45.5045|WARN|Microsoft.EntityFrameworkCore.Query|The LINQ expression 'Any()' could not be translated and will be evaluated locally.
2020-07-11 12:28:38.2698|WARN|Microsoft.EntityFrameworkCore.Query|The LINQ expression 'where ([userData].Id == [profile].UserId)' could not be translated and will be evaluated locally.
2020-07-11 12:28:38.4417|WARN|Microsoft.EntityFrameworkCore.Query|The LINQ expression 'Any()' could not be translated and will be evaluated locally.
2020-07-11 12:28:38.4417|WARN|Microsoft.EntityFrameworkCore.Query|The LINQ expression 'where {from ApplicationUser userData in __users_0 where ([userData].Id == [profile].UserId) select [userData] => Any()}' could not be translated and will be evaluated locally.
2020-07-11 12:28:38.4417|WARN|Microsoft.EntityFrameworkCore.Query|The LINQ expression 'where ([userData].Id == [profile].UserId)' could not be translated and will be evaluated locally.
2020-07-11 12:28:38.4417|WARN|Microsoft.EntityFrameworkCore.Query|The LINQ expression 'Any()' could not be translated and will be evaluated locally.
2020-07-11 12:29:18.8275|WARN|Microsoft.EntityFrameworkCore.Query|The LINQ expression 'where ([user].Id == [profile].UserId)' could not be translated and will be evaluated locally.
2020-07-11 12:29:18.8293|WARN|Microsoft.EntityFrameworkCore.Query|The LINQ expression 'Any()' could not be translated and will be evaluated locally.
2020-07-11 12:29:18.8293|WARN|Microsoft.EntityFrameworkCore.Query|The LINQ expression 'where {from ApplicationUser user in __users_0 where ([user].Id == [profile].UserId) select [user] => Any()}' could not be translated and will be evaluated locally.
2020-07-11 12:29:18.8293|WARN|Microsoft.EntityFrameworkCore.Query|The LINQ expression 'where ([user].Id == [profile].UserId)' could not be translated and will be evaluated locally.
2020-07-11 12:29:18.8293|WARN|Microsoft.EntityFrameworkCore.Query|The LINQ expression 'Any()' could not be translated and will be evaluated locally.
2020-07-11 12:37:20.4240|WARN|Microsoft.EntityFrameworkCore.Query|The LINQ expression 'where ([userData].Id == [profile].UserId)' could not be translated and will be evaluated locally.
2020-07-11 12:37:20.6076|WARN|Microsoft.EntityFrameworkCore.Query|The LINQ expression 'Any()' could not be translated and will be evaluated locally.
2020-07-11 12:37:20.6539|WARN|Microsoft.EntityFrameworkCore.Query|The LINQ expression 'where {from ApplicationUser userData in __users_0 where ([userData].Id == [profile].UserId) select [userData] => Any()}' could not be translated and will be evaluated locally.
2020-07-11 12:37:20.7140|WARN|Microsoft.EntityFrameworkCore.Query|The LINQ expression 'where ([userData].Id == [profile].UserId)' could not be translated and will be evaluated locally.
2020-07-11 12:37:20.7140|WARN|Microsoft.EntityFrameworkCore.Query|The LINQ expression 'Any()' could not be translated and will be evaluated locally.
2020-07-11 12:38:02.0500|WARN|Microsoft.EntityFrameworkCore.Query|The LINQ expression 'where ([user].Id == [profile].UserId)' could not be translated and will be evaluated locally.
2020-07-11 12:38:02.0500|WARN|Microsoft.EntityFrameworkCore.Query|The LINQ expression 'Any()' could not be translated and will be evaluated locally.
2020-07-11 12:38:02.0702|WARN|Microsoft.EntityFrameworkCore.Query|The LINQ expression 'where {from ApplicationUser user in __users_0 where ([user].Id == [profile].UserId) select [user] => Any()}' could not be translated and will be evaluated locally.
2020-07-11 12:38:02.0812|WARN|Microsoft.EntityFrameworkCore.Query|The LINQ expression 'where ([user].Id == [profile].UserId)' could not be translated and will be evaluated locally.
2020-07-11 12:38:02.0812|WARN|Microsoft.EntityFrameworkCore.Query|The LINQ expression 'Any()' could not be translated and will be evaluated locally.
2020-07-11 12:46:17.3412|WARN|Microsoft.EntityFrameworkCore.Query|The LINQ expression 'where ([userData].Id == [profile].UserId)' could not be translated and will be evaluated locally.
2020-07-11 12:46:17.4869|WARN|Microsoft.EntityFrameworkCore.Query|The LINQ expression 'Any()' could not be translated and will be evaluated locally.
2020-07-11 12:46:17.4869|WARN|Microsoft.EntityFrameworkCore.Query|The LINQ expression 'where {from ApplicationUser userData in __users_0 where ([userData].Id == [profile].UserId) select [userData] => Any()}' could not be translated and will be evaluated locally.
2020-07-11 12:46:17.4869|WARN|Microsoft.EntityFrameworkCore.Query|The LINQ expression 'where ([userData].Id == [profile].UserId)' could not be translated and will be evaluated locally.
2020-07-11 12:46:17.4869|WARN|Microsoft.EntityFrameworkCore.Query|The LINQ expression 'Any()' could not be translated and will be evaluated locally.
2020-07-11 12:55:18.4889|WARN|Microsoft.EntityFrameworkCore.Query|The LINQ expression 'where ([user].Id == [profile].UserId)' could not be translated and will be evaluated locally.
2020-07-11 12:55:18.4889|WARN|Microsoft.EntityFrameworkCore.Query|The LINQ expression 'Any()' could not be translated and will be evaluated locally.
2020-07-11 12:55:18.4889|WARN|Microsoft.EntityFrameworkCore.Query|The LINQ expression 'where {from ApplicationUser user in __users_0 where ([user].Id == [profile].UserId) select [user] => Any()}' could not be translated and will be evaluated locally.
2020-07-11 12:55:18.4889|WARN|Microsoft.EntityFrameworkCore.Query|The LINQ expression 'where ([user].Id == [profile].UserId)' could not be translated and will be evaluated locally.
2020-07-11 12:55:18.4889|WARN|Microsoft.EntityFrameworkCore.Query|The LINQ expression 'Any()' could not be translated and will be evaluated locally.
2020-07-11 13:00:43.6340|WARN|Microsoft.AspNetCore.Identity.UserManager|Invalid password for user 43b2650e-d67f-440b-97a2-bdedbcfe4880.
2020-07-11 13:00:43.6340|WARN|Microsoft.AspNetCore.Identity.SignInManager|User 43b2650e-d67f-440b-97a2-bdedbcfe4880 failed to provide the correct password.
2020-07-11 13:03:40.0799|WARN|Microsoft.EntityFrameworkCore.Query|The LINQ expression 'where ([userData].Id == [profile].UserId)' could not be translated and will be evaluated locally.
2020-07-11 13:03:40.2542|WARN|Microsoft.EntityFrameworkCore.Query|The LINQ expression 'Any()' could not be translated and will be evaluated locally.
2020-07-11 13:03:40.2542|WARN|Microsoft.EntityFrameworkCore.Query|The LINQ expression 'where {from ApplicationUser userData in __users_0 where ([userData].Id == [profile].UserId) select [userData] => Any()}' could not be translated and will be evaluated locally.
2020-07-11 13:03:40.2542|WARN|Microsoft.EntityFrameworkCore.Query|The LINQ expression 'where ([userData].Id == [profile].UserId)' could not be translated and will be evaluated locally.
2020-07-11 13:03:40.2542|WARN|Microsoft.EntityFrameworkCore.Query|The LINQ expression 'Any()' could not be translated and will be evaluated locally.
2020-07-11 13:20:32.2862|WARN|Microsoft.EntityFrameworkCore.Query|The LINQ expression 'where ([userData].Id == [profile].UserId)' could not be translated and will be evaluated locally.
2020-07-11 13:20:32.5136|WARN|Microsoft.EntityFrameworkCore.Query|The LINQ expression 'Any()' could not be translated and will be evaluated locally.
2020-07-11 13:20:32.5173|WARN|Microsoft.EntityFrameworkCore.Query|The LINQ expression 'where {from ApplicationUser userData in __users_0 where ([userData].Id == [profile].UserId) select [userData] => Any()}' could not be translated and will be evaluated locally.
2020-07-11 13:20:32.5173|WARN|Microsoft.EntityFrameworkCore.Query|The LINQ expression 'where ([userData].Id == [profile].UserId)' could not be translated and will be evaluated locally.
2020-07-11 13:20:32.5173|WARN|Microsoft.EntityFrameworkCore.Query|The LINQ expression 'Any()' could not be translated and will be evaluated locally.
2020-07-11 13:21:10.4323|WARN|Microsoft.EntityFrameworkCore.Query|The LINQ expression 'where ([userData].Id == [profile].UserId)' could not be translated and will be evaluated locally.
2020-07-11 13:21:10.5776|WARN|Microsoft.EntityFrameworkCore.Query|The LINQ expression 'Any()' could not be translated and will be evaluated locally.
2020-07-11 13:21:10.5812|WARN|Microsoft.EntityFrameworkCore.Query|The LINQ expression 'where {from ApplicationUser userData in __users_0 where ([userData].Id == [profile].UserId) select [userData] => Any()}' could not be translated and will be evaluated locally.
2020-07-11 13:21:10.5812|WARN|Microsoft.EntityFrameworkCore.Query|The LINQ expression 'where ([userData].Id == [profile].UserId)' could not be translated and will be evaluated locally.
2020-07-11 13:21:10.5812|WARN|Microsoft.EntityFrameworkCore.Query|The LINQ expression 'Any()' could not be translated and will be evaluated locally.
2020-07-11 13:21:40.2474|WARN|Microsoft.EntityFrameworkCore.Query|The LINQ expression 'where ([user].Id == [profile].UserId)' could not be translated and will be evaluated locally.
2020-07-11 13:21:40.2516|WARN|Microsoft.EntityFrameworkCore.Query|The LINQ expression 'Any()' could not be translated and will be evaluated locally.
2020-07-11 13:21:40.2516|WARN|Microsoft.EntityFrameworkCore.Query|The LINQ expression 'where {from ApplicationUser user in __users_0 where ([user].Id == [profile].UserId) select [user] => Any()}' could not be translated and will be evaluated locally.
2020-07-11 13:21:40.2516|WARN|Microsoft.EntityFrameworkCore.Query|The LINQ expression 'where ([user].Id == [profile].UserId)' could not be translated and will be evaluated locally.
2020-07-11 13:21:40.2516|WARN|Microsoft.EntityFrameworkCore.Query|The LINQ expression 'Any()' could not be translated and will be evaluated locally.
2020-07-11 13:25:32.1934|ERROR|Microsoft.AspNetCore.Mvc.ViewFeatures.ViewResultExecutor|The view 'Index' was not found. Searched locations: /Views/SuperAdmin/Index.cshtml, /Views/Shared/Index.cshtml, /Pages/Shared/Index.cshtml
2020-07-11 13:25:32.1934|ERROR|Microsoft.AspNetCore.Diagnostics.DeveloperExceptionPageMiddleware|An unhandled exception has occurred while executing the request.
2020-07-11 13:47:41.3678|WARN|Microsoft.EntityFrameworkCore.Query|The LINQ expression 'where ([userData].Id == [profile].UserId)' could not be translated and will be evaluated locally.
2020-07-11 13:47:41.5647|WARN|Microsoft.EntityFrameworkCore.Query|The LINQ expression 'Any()' could not be translated and will be evaluated locally.
2020-07-11 13:47:41.5647|WARN|Microsoft.EntityFrameworkCore.Query|The LINQ expression 'where {from ApplicationUser userData in __users_0 where ([userData].Id == [profile].UserId) select [userData] => Any()}' could not be translated and will be evaluated locally.
2020-07-11 13:47:41.5851|WARN|Microsoft.EntityFrameworkCore.Query|The LINQ expression 'where ([userData].Id == [profile].UserId)' could not be translated and will be evaluated locally.
2020-07-11 13:47:41.5851|WARN|Microsoft.EntityFrameworkCore.Query|The LINQ expression 'Any()' could not be translated and will be evaluated locally.
2020-07-11 13:50:33.2250|WARN|Microsoft.EntityFrameworkCore.Query|The LINQ expression 'where ([user].Id == [profile].UserId)' could not be translated and will be evaluated locally.
2020-07-11 13:50:33.2417|WARN|Microsoft.EntityFrameworkCore.Query|The LINQ expression 'Any()' could not be translated and will be evaluated locally.
2020-07-11 13:50:33.2417|WARN|Microsoft.EntityFrameworkCore.Query|The LINQ expression 'where {from ApplicationUser user in __users_0 where ([user].Id == [profile].UserId) select [user] => Any()}' could not be translated and will be evaluated locally.
2020-07-11 13:50:33.2417|WARN|Microsoft.EntityFrameworkCore.Query|The LINQ expression 'where ([user].Id == [profile].UserId)' could not be translated and will be evaluated locally.
2020-07-11 13:50:33.2417|WARN|Microsoft.EntityFrameworkCore.Query|The LINQ expression 'Any()' could not be translated and will be evaluated locally.
2020-07-11 13:54:06.0074|WARN|Microsoft.EntityFrameworkCore.Query|The LINQ expression 'where ([userData].Id == [profile].UserId)' could not be translated and will be evaluated locally.
2020-07-11 13:54:06.1819|WARN|Microsoft.EntityFrameworkCore.Query|The LINQ expression 'Any()' could not be translated and will be evaluated locally.
2020-07-11 13:54:06.1819|WARN|Microsoft.EntityFrameworkCore.Query|The LINQ expression 'where {from ApplicationUser userData in __users_0 where ([userData].Id == [profile].UserId) select [userData] => Any()}' could not be translated and will be evaluated locally.
2020-07-11 13:54:06.1881|WARN|Microsoft.EntityFrameworkCore.Query|The LINQ expression 'where ([userData].Id == [profile].UserId)' could not be translated and will be evaluated locally.
2020-07-11 13:54:06.1881|WARN|Microsoft.EntityFrameworkCore.Query|The LINQ expression 'Any()' could not be translated and will be evaluated locally.
2020-07-11 15:33:32.3840|WARN|Microsoft.EntityFrameworkCore.Query|The LINQ expression 'where ([userData].Id == [profile].UserId)' could not be translated and will be evaluated locally.
2020-07-11 15:33:32.5704|WARN|Microsoft.EntityFrameworkCore.Query|The LINQ expression 'Any()' could not be translated and will be evaluated locally.
2020-07-11 15:33:32.5704|WARN|Microsoft.EntityFrameworkCore.Query|The LINQ expression 'where {from ApplicationUser userData in __users_0 where ([userData].Id == [profile].UserId) select [userData] => Any()}' could not be translated and will be evaluated locally.
2020-07-11 15:33:32.5704|WARN|Microsoft.EntityFrameworkCore.Query|The LINQ expression 'where ([userData].Id == [profile].UserId)' could not be translated and will be evaluated locally.
2020-07-11 15:33:32.5704|WARN|Microsoft.EntityFrameworkCore.Query|The LINQ expression 'Any()' could not be translated and will be evaluated locally.
2020-07-11 15:33:53.3745|WARN|Microsoft.EntityFrameworkCore.Query|The LINQ expression 'where ([user].Id == [profile].UserId)' could not be translated and will be evaluated locally.
2020-07-11 15:33:53.3847|WARN|Microsoft.EntityFrameworkCore.Query|The LINQ expression 'Any()' could not be translated and will be evaluated locally.
2020-07-11 15:33:53.4207|WARN|Microsoft.EntityFrameworkCore.Query|The LINQ expression 'where {from ApplicationUser user in __users_0 where ([user].Id == [profile].UserId) select [user] => Any()}' could not be translated and will be evaluated locally.
2020-07-11 15:33:53.4224|WARN|Microsoft.EntityFrameworkCore.Query|The LINQ expression 'where ([user].Id == [profile].UserId)' could not be translated and will be evaluated locally.
2020-07-11 15:33:53.4224|WARN|Microsoft.EntityFrameworkCore.Query|The LINQ expression 'Any()' could not be translated and will be evaluated locally.
2020-07-11 15:40:13.4538|WARN|Microsoft.EntityFrameworkCore.Query|The LINQ expression 'where ([userData].Id == [profile].UserId)' could not be translated and will be evaluated locally.
2020-07-11 15:40:13.5933|WARN|Microsoft.EntityFrameworkCore.Query|The LINQ expression 'Any()' could not be translated and will be evaluated locally.
2020-07-11 15:40:13.5991|WARN|Microsoft.EntityFrameworkCore.Query|The LINQ expression 'where {from ApplicationUser userData in __users_0 where ([userData].Id == [profile].UserId) select [userData] => Any()}' could not be translated and will be evaluated locally.
2020-07-11 15:40:13.5991|WARN|Microsoft.EntityFrameworkCore.Query|The LINQ expression 'where ([userData].Id == [profile].UserId)' could not be translated and will be evaluated locally.
2020-07-11 15:40:13.5991|WARN|Microsoft.EntityFrameworkCore.Query|The LINQ expression 'Any()' could not be translated and will be evaluated locally.
2020-07-11 15:40:20.4971|WARN|Microsoft.EntityFrameworkCore.Query|The LINQ expression 'where ([user].Id == [profile].UserId)' could not be translated and will be evaluated locally.
2020-07-11 15:40:20.4971|WARN|Microsoft.EntityFrameworkCore.Query|The LINQ expression 'Any()' could not be translated and will be evaluated locally.
2020-07-11 15:40:20.5014|WARN|Microsoft.EntityFrameworkCore.Query|The LINQ expression 'where {from ApplicationUser user in __users_0 where ([user].Id == [profile].UserId) select [user] => Any()}' could not be translated and will be evaluated locally.
2020-07-11 15:40:20.5014|WARN|Microsoft.EntityFrameworkCore.Query|The LINQ expression 'where ([user].Id == [profile].UserId)' could not be translated and will be evaluated locally.
2020-07-11 15:40:20.5014|WARN|Microsoft.EntityFrameworkCore.Query|The LINQ expression 'Any()' could not be translated and will be evaluated locally.
2020-07-11 17:37:19.1873|WARN|Microsoft.EntityFrameworkCore.Query|The LINQ expression 'where ([userData].Id == [profile].UserId)' could not be translated and will be evaluated locally.
2020-07-11 17:37:19.3887|WARN|Microsoft.EntityFrameworkCore.Query|The LINQ expression 'Any()' could not be translated and will be evaluated locally.
2020-07-11 17:37:19.3928|WARN|Microsoft.EntityFrameworkCore.Query|The LINQ expression 'where {from ApplicationUser userData in __users_0 where ([userData].Id == [profile].UserId) select [userData] => Any()}' could not be translated and will be evaluated locally.
2020-07-11 17:37:19.3928|WARN|Microsoft.EntityFrameworkCore.Query|The LINQ expression 'where ([userData].Id == [profile].UserId)' could not be translated and will be evaluated locally.
2020-07-11 17:37:19.3928|WARN|Microsoft.EntityFrameworkCore.Query|The LINQ expression 'Any()' could not be translated and will be evaluated locally.
2020-07-11 17:38:02.1052|WARN|Microsoft.EntityFrameworkCore.Query|The LINQ expression 'where ([user].Id == [profile].UserId)' could not be translated and will be evaluated locally.
2020-07-11 17:38:02.1052|WARN|Microsoft.EntityFrameworkCore.Query|The LINQ expression 'Any()' could not be translated and will be evaluated locally.
2020-07-11 17:38:02.1110|WARN|Microsoft.EntityFrameworkCore.Query|The LINQ expression 'where {from ApplicationUser user in __users_0 where ([user].Id == [profile].UserId) select [user] => Any()}' could not be translated and will be evaluated locally.
2020-07-11 17:38:02.1110|WARN|Microsoft.EntityFrameworkCore.Query|The LINQ expression 'where ([user].Id == [profile].UserId)' could not be translated and will be evaluated locally.
2020-07-11 17:38:02.1110|WARN|Microsoft.EntityFrameworkCore.Query|The LINQ expression 'Any()' could not be translated and will be evaluated locally.
2020-07-11 18:12:28.2424|WARN|Microsoft.EntityFrameworkCore.Query|The LINQ expression 'where ([userData].Id == [profile].UserId)' could not be translated and will be evaluated locally.
2020-07-11 18:12:28.3901|WARN|Microsoft.EntityFrameworkCore.Query|The LINQ expression 'Any()' could not be translated and will be evaluated locally.
2020-07-11 18:12:28.3948|WARN|Microsoft.EntityFrameworkCore.Query|The LINQ expression 'where {from ApplicationUser userData in __users_0 where ([userData].Id == [profile].UserId) select [userData] => Any()}' could not be translated and will be evaluated locally.
2020-07-11 18:12:28.3948|WARN|Microsoft.EntityFrameworkCore.Query|The LINQ expression 'where ([userData].Id == [profile].UserId)' could not be translated and will be evaluated locally.
2020-07-11 18:12:28.3948|WARN|Microsoft.EntityFrameworkCore.Query|The LINQ expression 'Any()' could not be translated and will be evaluated locally.
2020-07-11 18:14:03.4210|WARN|Microsoft.EntityFrameworkCore.Query|The LINQ expression 'where ([user].Id == [profile].UserId)' could not be translated and will be evaluated locally.
2020-07-11 18:14:03.4235|WARN|Microsoft.EntityFrameworkCore.Query|The LINQ expression 'Any()' could not be translated and will be evaluated locally.
2020-07-11 18:14:03.4235|WARN|Microsoft.EntityFrameworkCore.Query|The LINQ expression 'where {from ApplicationUser user in __users_0 where ([user].Id == [profile].UserId) select [user] => Any()}' could not be translated and will be evaluated locally.
2020-07-11 18:14:03.4235|WARN|Microsoft.EntityFrameworkCore.Query|The LINQ expression 'where ([user].Id == [profile].UserId)' could not be translated and will be evaluated locally.
2020-07-11 18:14:03.4235|WARN|Microsoft.EntityFrameworkCore.Query|The LINQ expression 'Any()' could not be translated and will be evaluated locally.
2020-07-11 18:25:05.6184|WARN|Microsoft.EntityFrameworkCore.Query|The LINQ expression 'where ([user].Id == [profile].UserId)' could not be translated and will be evaluated locally.
2020-07-11 18:25:05.7732|WARN|Microsoft.EntityFrameworkCore.Query|The LINQ expression 'Any()' could not be translated and will be evaluated locally.
2020-07-11 18:25:05.7732|WARN|Microsoft.EntityFrameworkCore.Query|The LINQ expression 'where {from ApplicationUser user in __users_0 where ([user].Id == [profile].UserId) select [user] => Any()}' could not be translated and will be evaluated locally.
2020-07-11 18:25:05.7732|WARN|Microsoft.EntityFrameworkCore.Query|The LINQ expression 'where ([user].Id == [profile].UserId)' could not be translated and will be evaluated locally.
2020-07-11 18:25:05.7732|WARN|Microsoft.EntityFrameworkCore.Query|The LINQ expression 'Any()' could not be translated and will be evaluated locally.
2020-07-11 18:28:30.1800|WARN|Microsoft.EntityFrameworkCore.Query|The LINQ expression 'where ([userData].Id == [profile].UserId)' could not be translated and will be evaluated locally.
2020-07-11 18:28:30.3582|WARN|Microsoft.EntityFrameworkCore.Query|The LINQ expression 'Any()' could not be translated and will be evaluated locally.
2020-07-11 18:28:30.3654|WARN|Microsoft.EntityFrameworkCore.Query|The LINQ expression 'where {from ApplicationUser userData in __users_0 where ([userData].Id == [profile].UserId) select [userData] => Any()}' could not be translated and will be evaluated locally.
2020-07-11 18:28:30.3654|WARN|Microsoft.EntityFrameworkCore.Query|The LINQ expression 'where ([userData].Id == [profile].UserId)' could not be translated and will be evaluated locally.
2020-07-11 18:28:30.3654|WARN|Microsoft.EntityFrameworkCore.Query|The LINQ expression 'Any()' could not be translated and will be evaluated locally.
2020-07-11 18:29:31.4251|WARN|Microsoft.EntityFrameworkCore.Query|The LINQ expression 'where ([userData].Id == [profile].UserId)' could not be translated and will be evaluated locally.
2020-07-11 18:29:31.5882|WARN|Microsoft.EntityFrameworkCore.Query|The LINQ expression 'Any()' could not be translated and will be evaluated locally.
2020-07-11 18:29:31.5882|WARN|Microsoft.EntityFrameworkCore.Query|The LINQ expression 'where {from ApplicationUser userData in __users_0 where ([userData].Id == [profile].UserId) select [userData] => Any()}' could not be translated and will be evaluated locally.
2020-07-11 18:29:31.5947|WARN|Microsoft.EntityFrameworkCore.Query|The LINQ expression 'where ([userData].Id == [profile].UserId)' could not be translated and will be evaluated locally.
2020-07-11 18:29:31.5947|WARN|Microsoft.EntityFrameworkCore.Query|The LINQ expression 'Any()' could not be translated and will be evaluated locally.
2020-07-11 18:31:07.2128|WARN|Microsoft.EntityFrameworkCore.Query|The LINQ expression 'where ([user].Id == [profile].UserId)' could not be translated and will be evaluated locally.
2020-07-11 18:31:07.2128|WARN|Microsoft.EntityFrameworkCore.Query|The LINQ expression 'Any()' could not be translated and will be evaluated locally.
2020-07-11 18:31:07.2128|WARN|Microsoft.EntityFrameworkCore.Query|The LINQ expression 'where {from ApplicationUser user in __users_0 where ([user].Id == [profile].UserId) select [user] => Any()}' could not be translated and will be evaluated locally.
2020-07-11 18:31:07.2128|WARN|Microsoft.EntityFrameworkCore.Query|The LINQ expression 'where ([user].Id == [profile].UserId)' could not be translated and will be evaluated locally.
2020-07-11 18:31:07.2128|WARN|Microsoft.EntityFrameworkCore.Query|The LINQ expression 'Any()' could not be translated and will be evaluated locally.
