2020-07-17 00:01:12.6383|WARN|Microsoft.EntityFrameworkCore.Query|The LINQ expression 'where ([userData].Id == [profile].UserId)' could not be translated and will be evaluated locally.
2020-07-17 00:01:12.7805|WARN|Microsoft.EntityFrameworkCore.Query|The LINQ expression 'Any()' could not be translated and will be evaluated locally.
2020-07-17 00:01:12.7805|WARN|Microsoft.EntityFrameworkCore.Query|The LINQ expression 'where {from ApplicationUser userData in __users_0 where ([userData].Id == [profile].UserId) select [userData] => Any()}' could not be translated and will be evaluated locally.
2020-07-17 00:01:12.7805|WARN|Microsoft.EntityFrameworkCore.Query|The LINQ expression 'where ([userData].Id == [profile].UserId)' could not be translated and will be evaluated locally.
2020-07-17 00:01:12.7805|WARN|Microsoft.EntityFrameworkCore.Query|The LINQ expression 'Any()' could not be translated and will be evaluated locally.
2020-07-17 00:01:15.0588|WARN|Microsoft.EntityFrameworkCore.Query|The LINQ expression 'where ([user].Id == [profile].UserId)' could not be translated and will be evaluated locally.
2020-07-17 00:01:15.0588|WARN|Microsoft.EntityFrameworkCore.Query|The LINQ expression 'Any()' could not be translated and will be evaluated locally.
2020-07-17 00:01:15.0588|WARN|Microsoft.EntityFrameworkCore.Query|The LINQ expression 'where {from ApplicationUser user in __users_0 where ([user].Id == [profile].UserId) select [user] => Any()}' could not be translated and will be evaluated locally.
2020-07-17 00:01:15.0613|WARN|Microsoft.EntityFrameworkCore.Query|The LINQ expression 'where ([user].Id == [profile].UserId)' could not be translated and will be evaluated locally.
2020-07-17 00:01:15.0613|WARN|Microsoft.EntityFrameworkCore.Query|The LINQ expression 'Any()' could not be translated and will be evaluated locally.
2020-07-17 00:24:14.6731|WARN|Microsoft.EntityFrameworkCore.Query|The LINQ expression 'where ([userData].Id == [profile].UserId)' could not be translated and will be evaluated locally.
2020-07-17 00:24:14.8266|WARN|Microsoft.EntityFrameworkCore.Query|The LINQ expression 'Any()' could not be translated and will be evaluated locally.
2020-07-17 00:24:14.8266|WARN|Microsoft.EntityFrameworkCore.Query|The LINQ expression 'where {from ApplicationUser userData in __users_0 where ([userData].Id == [profile].UserId) select [userData] => Any()}' could not be translated and will be evaluated locally.
2020-07-17 00:24:14.8425|WARN|Microsoft.EntityFrameworkCore.Query|The LINQ expression 'where ([userData].Id == [profile].UserId)' could not be translated and will be evaluated locally.
2020-07-17 00:24:14.8425|WARN|Microsoft.EntityFrameworkCore.Query|The LINQ expression 'Any()' could not be translated and will be evaluated locally.
2020-07-17 00:24:18.3285|WARN|Microsoft.EntityFrameworkCore.Query|The LINQ expression 'where ([user].Id == [profile].UserId)' could not be translated and will be evaluated locally.
2020-07-17 00:24:18.3285|WARN|Microsoft.EntityFrameworkCore.Query|The LINQ expression 'Any()' could not be translated and will be evaluated locally.
2020-07-17 00:24:18.3285|WARN|Microsoft.EntityFrameworkCore.Query|The LINQ expression 'where {from ApplicationUser user in __users_0 where ([user].Id == [profile].UserId) select [user] => Any()}' could not be translated and will be evaluated locally.
2020-07-17 00:24:18.3467|WARN|Microsoft.EntityFrameworkCore.Query|The LINQ expression 'where ([user].Id == [profile].UserId)' could not be translated and will be evaluated locally.
2020-07-17 00:24:18.3467|WARN|Microsoft.EntityFrameworkCore.Query|The LINQ expression 'Any()' could not be translated and will be evaluated locally.
2020-07-17 00:24:36.5689|ERROR|Microsoft.AspNetCore.Diagnostics.DeveloperExceptionPageMiddleware|An unhandled exception has occurred while executing the request.
2020-07-17 00:28:45.9809|WARN|Microsoft.EntityFrameworkCore.Query|The LINQ expression 'where ([userData].Id == [profile].UserId)' could not be translated and will be evaluated locally.
2020-07-17 00:28:46.1477|WARN|Microsoft.EntityFrameworkCore.Query|The LINQ expression 'Any()' could not be translated and will be evaluated locally.
2020-07-17 00:28:46.1477|WARN|Microsoft.EntityFrameworkCore.Query|The LINQ expression 'where {from ApplicationUser userData in __users_0 where ([userData].Id == [profile].UserId) select [userData] => Any()}' could not be translated and will be evaluated locally.
2020-07-17 00:28:46.1477|WARN|Microsoft.EntityFrameworkCore.Query|The LINQ expression 'where ([userData].Id == [profile].UserId)' could not be translated and will be evaluated locally.
2020-07-17 00:28:46.1477|WARN|Microsoft.EntityFrameworkCore.Query|The LINQ expression 'Any()' could not be translated and will be evaluated locally.
2020-07-17 00:28:49.9378|WARN|Microsoft.EntityFrameworkCore.Query|The LINQ expression 'where ([user].Id == [profile].UserId)' could not be translated and will be evaluated locally.
2020-07-17 00:28:49.9378|WARN|Microsoft.EntityFrameworkCore.Query|The LINQ expression 'Any()' could not be translated and will be evaluated locally.
2020-07-17 00:28:49.9378|WARN|Microsoft.EntityFrameworkCore.Query|The LINQ expression 'where {from ApplicationUser user in __users_0 where ([user].Id == [profile].UserId) select [user] => Any()}' could not be translated and will be evaluated locally.
2020-07-17 00:28:49.9533|WARN|Microsoft.EntityFrameworkCore.Query|The LINQ expression 'where ([user].Id == [profile].UserId)' could not be translated and will be evaluated locally.
2020-07-17 00:28:49.9533|WARN|Microsoft.EntityFrameworkCore.Query|The LINQ expression 'Any()' could not be translated and will be evaluated locally.
2020-07-17 00:35:43.1003|WARN|Microsoft.EntityFrameworkCore.Query|The LINQ expression 'where ([userData].Id == [profile].UserId)' could not be translated and will be evaluated locally.
2020-07-17 00:35:43.2921|WARN|Microsoft.EntityFrameworkCore.Query|The LINQ expression 'Any()' could not be translated and will be evaluated locally.
2020-07-17 00:35:43.2979|WARN|Microsoft.EntityFrameworkCore.Query|The LINQ expression 'where {from ApplicationUser userData in __users_0 where ([userData].Id == [profile].UserId) select [userData] => Any()}' could not be translated and will be evaluated locally.
2020-07-17 00:35:43.2979|WARN|Microsoft.EntityFrameworkCore.Query|The LINQ expression 'where ([userData].Id == [profile].UserId)' could not be translated and will be evaluated locally.
2020-07-17 00:35:43.2979|WARN|Microsoft.EntityFrameworkCore.Query|The LINQ expression 'Any()' could not be translated and will be evaluated locally.
2020-07-17 00:35:46.3126|WARN|Microsoft.EntityFrameworkCore.Query|The LINQ expression 'where ([user].Id == [profile].UserId)' could not be translated and will be evaluated locally.
2020-07-17 00:35:46.3126|WARN|Microsoft.EntityFrameworkCore.Query|The LINQ expression 'Any()' could not be translated and will be evaluated locally.
2020-07-17 00:35:46.3387|WARN|Microsoft.EntityFrameworkCore.Query|The LINQ expression 'where {from ApplicationUser user in __users_0 where ([user].Id == [profile].UserId) select [user] => Any()}' could not be translated and will be evaluated locally.
2020-07-17 00:35:46.3446|WARN|Microsoft.EntityFrameworkCore.Query|The LINQ expression 'where ([user].Id == [profile].UserId)' could not be translated and will be evaluated locally.
2020-07-17 00:35:46.3446|WARN|Microsoft.EntityFrameworkCore.Query|The LINQ expression 'Any()' could not be translated and will be evaluated locally.
2020-07-17 00:40:02.0818|WARN|Microsoft.EntityFrameworkCore.Query|The LINQ expression 'where ([userData].Id == [profile].UserId)' could not be translated and will be evaluated locally.
2020-07-17 00:40:02.1550|WARN|Microsoft.EntityFrameworkCore.Query|The LINQ expression 'Any()' could not be translated and will be evaluated locally.
2020-07-17 00:40:02.1550|WARN|Microsoft.EntityFrameworkCore.Query|The LINQ expression 'where {from ApplicationUser userData in __users_0 where ([userData].Id == [profile].UserId) select [userData] => Any()}' could not be translated and will be evaluated locally.
2020-07-17 00:40:02.1550|WARN|Microsoft.EntityFrameworkCore.Query|The LINQ expression 'where ([userData].Id == [profile].UserId)' could not be translated and will be evaluated locally.
2020-07-17 00:40:02.1550|WARN|Microsoft.EntityFrameworkCore.Query|The LINQ expression 'Any()' could not be translated and will be evaluated locally.
2020-07-17 00:40:33.0290|WARN|Microsoft.EntityFrameworkCore.Query|The LINQ expression 'where ([user].Id == [profile].UserId)' could not be translated and will be evaluated locally.
2020-07-17 00:40:33.0306|WARN|Microsoft.EntityFrameworkCore.Query|The LINQ expression 'Any()' could not be translated and will be evaluated locally.
2020-07-17 00:40:33.0306|WARN|Microsoft.EntityFrameworkCore.Query|The LINQ expression 'where {from ApplicationUser user in __users_0 where ([user].Id == [profile].UserId) select [user] => Any()}' could not be translated and will be evaluated locally.
2020-07-17 00:40:33.0306|WARN|Microsoft.EntityFrameworkCore.Query|The LINQ expression 'where ([user].Id == [profile].UserId)' could not be translated and will be evaluated locally.
2020-07-17 00:40:33.0306|WARN|Microsoft.EntityFrameworkCore.Query|The LINQ expression 'Any()' could not be translated and will be evaluated locally.
2020-07-17 00:44:30.4628|WARN|Microsoft.EntityFrameworkCore.Query|The LINQ expression 'where ([userData].Id == [profile].UserId)' could not be translated and will be evaluated locally.
2020-07-17 00:44:30.6061|WARN|Microsoft.EntityFrameworkCore.Query|The LINQ expression 'Any()' could not be translated and will be evaluated locally.
2020-07-17 00:44:30.6098|WARN|Microsoft.EntityFrameworkCore.Query|The LINQ expression 'where {from ApplicationUser userData in __users_0 where ([userData].Id == [profile].UserId) select [userData] => Any()}' could not be translated and will be evaluated locally.
2020-07-17 00:44:30.6098|WARN|Microsoft.EntityFrameworkCore.Query|The LINQ expression 'where ([userData].Id == [profile].UserId)' could not be translated and will be evaluated locally.
2020-07-17 00:44:30.6098|WARN|Microsoft.EntityFrameworkCore.Query|The LINQ expression 'Any()' could not be translated and will be evaluated locally.
