2020-08-15 00:01:43.3955|WARN|Microsoft.EntityFrameworkCore.Query|The LINQ expression 'where ([userData].Id == [profile].UserId)' could not be translated and will be evaluated locally.
2020-08-15 00:01:43.7954|WARN|Microsoft.EntityFrameworkCore.Query|The LINQ expression 'Any()' could not be translated and will be evaluated locally.
2020-08-15 00:01:43.8050|WARN|Microsoft.EntityFrameworkCore.Query|The LINQ expression 'where {from ApplicationUser userData in __users_0 where ([userData].Id == [profile].UserId) select [userData] => Any()}' could not be translated and will be evaluated locally.
2020-08-15 00:01:43.8050|WARN|Microsoft.EntityFrameworkCore.Query|The LINQ expression 'where ([userData].Id == [profile].UserId)' could not be translated and will be evaluated locally.
2020-08-15 00:01:43.8050|WARN|Microsoft.EntityFrameworkCore.Query|The LINQ expression 'Any()' could not be translated and will be evaluated locally.
2020-08-15 00:02:03.1298|WARN|Microsoft.EntityFrameworkCore.Query|The LINQ expression 'where ([user].Id == [profile].UserId)' could not be translated and will be evaluated locally.
2020-08-15 00:02:03.1430|WARN|Microsoft.EntityFrameworkCore.Query|The LINQ expression 'Any()' could not be translated and will be evaluated locally.
2020-08-15 00:02:03.1430|WARN|Microsoft.EntityFrameworkCore.Query|The LINQ expression 'where {from ApplicationUser user in __users_0 where ([user].Id == [profile].UserId) select [user] => Any()}' could not be translated and will be evaluated locally.
2020-08-15 00:02:03.1582|WARN|Microsoft.EntityFrameworkCore.Query|The LINQ expression 'where ([user].Id == [profile].UserId)' could not be translated and will be evaluated locally.
2020-08-15 00:02:03.1582|WARN|Microsoft.EntityFrameworkCore.Query|The LINQ expression 'Any()' could not be translated and will be evaluated locally.
2020-08-15 00:08:58.3569|WARN|Microsoft.EntityFrameworkCore.Query|The LINQ expression 'where ([userData].Id == [profile].UserId)' could not be translated and will be evaluated locally.
2020-08-15 00:08:58.5463|WARN|Microsoft.EntityFrameworkCore.Query|The LINQ expression 'Any()' could not be translated and will be evaluated locally.
2020-08-15 00:08:58.5463|WARN|Microsoft.EntityFrameworkCore.Query|The LINQ expression 'where {from ApplicationUser userData in __users_0 where ([userData].Id == [profile].UserId) select [userData] => Any()}' could not be translated and will be evaluated locally.
2020-08-15 00:08:58.5659|WARN|Microsoft.EntityFrameworkCore.Query|The LINQ expression 'where ([userData].Id == [profile].UserId)' could not be translated and will be evaluated locally.
2020-08-15 00:08:58.5659|WARN|Microsoft.EntityFrameworkCore.Query|The LINQ expression 'Any()' could not be translated and will be evaluated locally.
2020-08-15 00:09:03.4479|WARN|Microsoft.EntityFrameworkCore.Query|The LINQ expression 'where ([user].Id == [profile].UserId)' could not be translated and will be evaluated locally.
2020-08-15 00:09:03.4479|WARN|Microsoft.EntityFrameworkCore.Query|The LINQ expression 'Any()' could not be translated and will be evaluated locally.
2020-08-15 00:09:03.4479|WARN|Microsoft.EntityFrameworkCore.Query|The LINQ expression 'where {from ApplicationUser user in __users_0 where ([user].Id == [profile].UserId) select [user] => Any()}' could not be translated and will be evaluated locally.
2020-08-15 00:09:03.4479|WARN|Microsoft.EntityFrameworkCore.Query|The LINQ expression 'where ([user].Id == [profile].UserId)' could not be translated and will be evaluated locally.
2020-08-15 00:09:03.4479|WARN|Microsoft.EntityFrameworkCore.Query|The LINQ expression 'Any()' could not be translated and will be evaluated locally.
2020-08-15 00:10:10.1200|WARN|Microsoft.EntityFrameworkCore.Query|The LINQ expression 'where ([userData].Id == [profile].UserId)' could not be translated and will be evaluated locally.
2020-08-15 00:10:10.3098|WARN|Microsoft.EntityFrameworkCore.Query|The LINQ expression 'Any()' could not be translated and will be evaluated locally.
2020-08-15 00:10:10.3167|WARN|Microsoft.EntityFrameworkCore.Query|The LINQ expression 'where {from ApplicationUser userData in __users_0 where ([userData].Id == [profile].UserId) select [userData] => Any()}' could not be translated and will be evaluated locally.
2020-08-15 00:10:10.3167|WARN|Microsoft.EntityFrameworkCore.Query|The LINQ expression 'where ([userData].Id == [profile].UserId)' could not be translated and will be evaluated locally.
2020-08-15 00:10:10.3167|WARN|Microsoft.EntityFrameworkCore.Query|The LINQ expression 'Any()' could not be translated and will be evaluated locally.
2020-08-15 00:10:14.4730|WARN|Microsoft.EntityFrameworkCore.Query|The LINQ expression 'where ([user].Id == [profile].UserId)' could not be translated and will be evaluated locally.
2020-08-15 00:10:14.4730|WARN|Microsoft.EntityFrameworkCore.Query|The LINQ expression 'Any()' could not be translated and will be evaluated locally.
2020-08-15 00:10:14.4730|WARN|Microsoft.EntityFrameworkCore.Query|The LINQ expression 'where {from ApplicationUser user in __users_0 where ([user].Id == [profile].UserId) select [user] => Any()}' could not be translated and will be evaluated locally.
2020-08-15 00:10:14.4730|WARN|Microsoft.EntityFrameworkCore.Query|The LINQ expression 'where ([user].Id == [profile].UserId)' could not be translated and will be evaluated locally.
2020-08-15 00:10:14.4730|WARN|Microsoft.EntityFrameworkCore.Query|The LINQ expression 'Any()' could not be translated and will be evaluated locally.
2020-08-15 00:13:58.9536|WARN|Microsoft.EntityFrameworkCore.Query|The LINQ expression 'where ([userData].Id == [profile].UserId)' could not be translated and will be evaluated locally.
2020-08-15 00:13:59.0824|WARN|Microsoft.EntityFrameworkCore.Query|The LINQ expression 'Any()' could not be translated and will be evaluated locally.
2020-08-15 00:13:59.0824|WARN|Microsoft.EntityFrameworkCore.Query|The LINQ expression 'where {from ApplicationUser userData in __users_0 where ([userData].Id == [profile].UserId) select [userData] => Any()}' could not be translated and will be evaluated locally.
2020-08-15 00:13:59.0824|WARN|Microsoft.EntityFrameworkCore.Query|The LINQ expression 'where ([userData].Id == [profile].UserId)' could not be translated and will be evaluated locally.
2020-08-15 00:13:59.0824|WARN|Microsoft.EntityFrameworkCore.Query|The LINQ expression 'Any()' could not be translated and will be evaluated locally.
2020-08-15 00:14:01.9714|WARN|Microsoft.EntityFrameworkCore.Query|The LINQ expression 'where ([user].Id == [profile].UserId)' could not be translated and will be evaluated locally.
2020-08-15 00:14:01.9714|WARN|Microsoft.EntityFrameworkCore.Query|The LINQ expression 'Any()' could not be translated and will be evaluated locally.
2020-08-15 00:14:01.9714|WARN|Microsoft.EntityFrameworkCore.Query|The LINQ expression 'where {from ApplicationUser user in __users_0 where ([user].Id == [profile].UserId) select [user] => Any()}' could not be translated and will be evaluated locally.
2020-08-15 00:14:01.9714|WARN|Microsoft.EntityFrameworkCore.Query|The LINQ expression 'where ([user].Id == [profile].UserId)' could not be translated and will be evaluated locally.
2020-08-15 00:14:01.9714|WARN|Microsoft.EntityFrameworkCore.Query|The LINQ expression 'Any()' could not be translated and will be evaluated locally.
2020-08-15 00:24:34.4289|WARN|Microsoft.EntityFrameworkCore.Query|The LINQ expression 'where ([userData].Id == [profile].UserId)' could not be translated and will be evaluated locally.
2020-08-15 00:24:34.6503|WARN|Microsoft.EntityFrameworkCore.Query|The LINQ expression 'Any()' could not be translated and will be evaluated locally.
2020-08-15 00:24:34.6553|WARN|Microsoft.EntityFrameworkCore.Query|The LINQ expression 'where {from ApplicationUser userData in __users_0 where ([userData].Id == [profile].UserId) select [userData] => Any()}' could not be translated and will be evaluated locally.
2020-08-15 00:24:34.6553|WARN|Microsoft.EntityFrameworkCore.Query|The LINQ expression 'where ([userData].Id == [profile].UserId)' could not be translated and will be evaluated locally.
2020-08-15 00:24:34.6553|WARN|Microsoft.EntityFrameworkCore.Query|The LINQ expression 'Any()' could not be translated and will be evaluated locally.
2020-08-15 00:24:38.1861|WARN|Microsoft.EntityFrameworkCore.Query|The LINQ expression 'where ([user].Id == [profile].UserId)' could not be translated and will be evaluated locally.
2020-08-15 00:24:38.1896|WARN|Microsoft.EntityFrameworkCore.Query|The LINQ expression 'Any()' could not be translated and will be evaluated locally.
2020-08-15 00:24:38.1896|WARN|Microsoft.EntityFrameworkCore.Query|The LINQ expression 'where {from ApplicationUser user in __users_0 where ([user].Id == [profile].UserId) select [user] => Any()}' could not be translated and will be evaluated locally.
2020-08-15 00:24:38.1896|WARN|Microsoft.EntityFrameworkCore.Query|The LINQ expression 'where ([user].Id == [profile].UserId)' could not be translated and will be evaluated locally.
2020-08-15 00:24:38.1896|WARN|Microsoft.EntityFrameworkCore.Query|The LINQ expression 'Any()' could not be translated and will be evaluated locally.
2020-08-15 00:29:22.1821|WARN|Microsoft.EntityFrameworkCore.Query|The LINQ expression 'where ([userData].Id == [profile].UserId)' could not be translated and will be evaluated locally.
2020-08-15 00:29:22.3706|WARN|Microsoft.EntityFrameworkCore.Query|The LINQ expression 'Any()' could not be translated and will be evaluated locally.
2020-08-15 00:29:22.3758|WARN|Microsoft.EntityFrameworkCore.Query|The LINQ expression 'where {from ApplicationUser userData in __users_0 where ([userData].Id == [profile].UserId) select [userData] => Any()}' could not be translated and will be evaluated locally.
2020-08-15 00:29:22.3758|WARN|Microsoft.EntityFrameworkCore.Query|The LINQ expression 'where ([userData].Id == [profile].UserId)' could not be translated and will be evaluated locally.
2020-08-15 00:29:22.3758|WARN|Microsoft.EntityFrameworkCore.Query|The LINQ expression 'Any()' could not be translated and will be evaluated locally.
2020-08-15 00:29:26.2322|WARN|Microsoft.EntityFrameworkCore.Query|The LINQ expression 'where ([user].Id == [profile].UserId)' could not be translated and will be evaluated locally.
2020-08-15 00:29:26.2342|WARN|Microsoft.EntityFrameworkCore.Query|The LINQ expression 'Any()' could not be translated and will be evaluated locally.
2020-08-15 00:29:26.2342|WARN|Microsoft.EntityFrameworkCore.Query|The LINQ expression 'where {from ApplicationUser user in __users_0 where ([user].Id == [profile].UserId) select [user] => Any()}' could not be translated and will be evaluated locally.
2020-08-15 00:29:26.2342|WARN|Microsoft.EntityFrameworkCore.Query|The LINQ expression 'where ([user].Id == [profile].UserId)' could not be translated and will be evaluated locally.
2020-08-15 00:29:26.2342|WARN|Microsoft.EntityFrameworkCore.Query|The LINQ expression 'Any()' could not be translated and will be evaluated locally.
