2020-08-02 10:46:33.1329|WARN|KalyanamMatrimony.Controllers.AccountController|http://localhost:49831/Account/ConfirmEmail?userId=bd923159-8895-4853-bde9-c3a3d35c7841&token=CfDJ8CML6bWaFLhPjk0KiKh%2FA0joBUJAlrMZKUbGTFmomV3XXv37%2FPugUvbyssnF4%2FXqDi2ppl5%2BfhCKaiD1dvZCy2OMGwkPwYNkpzag%2FpZsrx8tHXdR7XQwYu9KNlURQb95bXMkPk9XNLj7pzvplm8h6Br177prJc%2B8OfoFgPnOO2VrPoylebmqdwK%2BKxBccUq5aA6jBF2w5DSEQympD9R%2Fr4m7CC7xDNNmQ9%2FNuRqbHLMeCx8f%2Bvjty%2B8bxIZHi5dPEA%3D%3D
2020-08-02 10:57:25.4311|WARN|Microsoft.EntityFrameworkCore.Query|The LINQ expression 'where ([userData].Id == [profile].UserId)' could not be translated and will be evaluated locally.
2020-08-02 10:57:25.4461|WARN|Microsoft.EntityFrameworkCore.Query|The LINQ expression 'Any()' could not be translated and will be evaluated locally.
2020-08-02 10:57:25.4640|WARN|Microsoft.EntityFrameworkCore.Query|The LINQ expression 'where {from ApplicationUser userData in __users_0 where ([userData].Id == [profile].UserId) select [userData] => Any()}' could not be translated and will be evaluated locally.
2020-08-02 10:57:25.4640|WARN|Microsoft.EntityFrameworkCore.Query|The LINQ expression 'where ([userData].Id == [profile].UserId)' could not be translated and will be evaluated locally.
2020-08-02 10:57:25.4701|WARN|Microsoft.EntityFrameworkCore.Query|The LINQ expression 'Any()' could not be translated and will be evaluated locally.
2020-08-02 10:57:43.7267|WARN|Microsoft.EntityFrameworkCore.Query|The LINQ expression 'where ([user].Id == [profile].UserId)' could not be translated and will be evaluated locally.
2020-08-02 10:57:43.7400|WARN|Microsoft.EntityFrameworkCore.Query|The LINQ expression 'Any()' could not be translated and will be evaluated locally.
2020-08-02 10:57:43.7801|WARN|Microsoft.EntityFrameworkCore.Query|The LINQ expression 'where {from ApplicationUser user in __users_0 where ([user].Id == [profile].UserId) select [user] => Any()}' could not be translated and will be evaluated locally.
2020-08-02 10:57:43.8175|WARN|Microsoft.EntityFrameworkCore.Query|The LINQ expression 'where ([user].Id == [profile].UserId)' could not be translated and will be evaluated locally.
2020-08-02 10:57:43.8175|WARN|Microsoft.EntityFrameworkCore.Query|The LINQ expression 'Any()' could not be translated and will be evaluated locally.
2020-08-02 13:48:58.5136|WARN|KalyanamMatrimony.Controllers.AccountController|http://localhost:49831/Account/ConfirmEmail?userId=a16aa2a3-afe2-4eea-b8eb-19698507770e&token=CfDJ8CML6bWaFLhPjk0KiKh%2FA0hIFVeTYgBhUkv%2B9P1leKp4edj6njvOy3cXefRxjCF%2FIvD68Nv4troodRI3ty%2BWnzWZ7qjQcXhSyhoIt03tltn%2BpXcuMIAuVNmZsYZ8I73%2FFPBAIufRC2EhiQrh98ypeUlttacWbdUwLmpzbv7zFzgdT%2Bk410kcT6QgNH%2B231VhAodn%2BEKLqY56slrsZGF7YPxIHQ61S3JahZGK2GuW%2Fg6X7acBOOcEAS9bnpl0%2Fm7vHA%3D%3D
2020-08-02 13:49:02.6280|WARN|Microsoft.AspNetCore.Identity.UserManager|User af0fa351-4f03-408b-a082-cf89d7df9d3d validation failed: DuplicateUserName.
2020-08-02 13:55:30.9013|WARN|KalyanamMatrimony.Controllers.AccountController|http://localhost:49831/Account/ConfirmEmail?userId=060b8804-5a6b-488a-b9f3-1c60e8c2e336&token=CfDJ8CML6bWaFLhPjk0KiKh%2FA0jpbp9yyWwrk1rgc8gGZNjM1ts8eNDcEdnkdHoxWkrcDf4CxSrBebnxNNU%2FtyJEfmwWpDVQFRXLV2ue1yc6CsluyEgs82WT%2Fbr4GN9INP3G1Lt0HiX6tG7m%2FGiOPKrj4MIF7Z754QDNKwIOSNy7VAJR8qVLiAgAOJ3zbnQ8B4%2FGIpynAuLYeJtseNZu4iEGsLhfgVSOaQEErcoamCia1s8TYQqdfqKnDGeE%2FRVg9pHg2A%3D%3D
2020-08-02 13:56:18.4346|ERROR|Microsoft.AspNetCore.Mvc.ViewFeatures.ViewResultExecutor|The view 'NotFound' was not found. Searched locations: /Views/Account/NotFound.cshtml, /Views/Shared/NotFound.cshtml, /Pages/Shared/NotFound.cshtml
2020-08-02 13:56:18.4496|ERROR|Microsoft.AspNetCore.Diagnostics.DeveloperExceptionPageMiddleware|An unhandled exception has occurred while executing the request.
2020-08-02 14:00:18.8532|ERROR|Microsoft.AspNetCore.Mvc.ViewFeatures.ViewResultExecutor|The view 'NotFound' was not found. Searched locations: /Views/Account/NotFound.cshtml, /Views/Shared/NotFound.cshtml, /Pages/Shared/NotFound.cshtml
2020-08-02 14:00:19.1406|ERROR|Microsoft.AspNetCore.Diagnostics.DeveloperExceptionPageMiddleware|An unhandled exception has occurred while executing the request.
2020-08-02 14:36:14.6971|WARN|Microsoft.EntityFrameworkCore.Query|The LINQ expression 'where ([userData].Id == [profile].UserId)' could not be translated and will be evaluated locally.
2020-08-02 14:36:14.7890|WARN|Microsoft.EntityFrameworkCore.Query|The LINQ expression 'Any()' could not be translated and will be evaluated locally.
2020-08-02 14:36:14.7890|WARN|Microsoft.EntityFrameworkCore.Query|The LINQ expression 'where {from ApplicationUser userData in __users_0 where ([userData].Id == [profile].UserId) select [userData] => Any()}' could not be translated and will be evaluated locally.
2020-08-02 14:36:14.7911|WARN|Microsoft.EntityFrameworkCore.Query|The LINQ expression 'where ([userData].Id == [profile].UserId)' could not be translated and will be evaluated locally.
2020-08-02 14:36:14.7911|WARN|Microsoft.EntityFrameworkCore.Query|The LINQ expression 'Any()' could not be translated and will be evaluated locally.
2020-08-02 14:36:48.1142|WARN|Microsoft.EntityFrameworkCore.Query|The LINQ expression 'where ([user].Id == [profile].UserId)' could not be translated and will be evaluated locally.
2020-08-02 14:36:48.1360|WARN|Microsoft.EntityFrameworkCore.Query|The LINQ expression 'Any()' could not be translated and will be evaluated locally.
2020-08-02 14:36:48.1360|WARN|Microsoft.EntityFrameworkCore.Query|The LINQ expression 'where {from ApplicationUser user in __users_0 where ([user].Id == [profile].UserId) select [user] => Any()}' could not be translated and will be evaluated locally.
2020-08-02 14:36:48.1360|WARN|Microsoft.EntityFrameworkCore.Query|The LINQ expression 'where ([user].Id == [profile].UserId)' could not be translated and will be evaluated locally.
2020-08-02 14:36:48.1360|WARN|Microsoft.EntityFrameworkCore.Query|The LINQ expression 'Any()' could not be translated and will be evaluated locally.
