2020-07-09 20:18:30.5229|WARN|Microsoft.EntityFrameworkCore.Query|The LINQ expression 'where ([userData].Id == [profile].UserId)' could not be translated and will be evaluated locally.
2020-07-09 20:18:30.7187|WARN|Microsoft.EntityFrameworkCore.Query|The LINQ expression 'Any()' could not be translated and will be evaluated locally.
2020-07-09 20:18:30.7187|WARN|Microsoft.EntityFrameworkCore.Query|The LINQ expression 'where {from ApplicationUser userData in __users_0 where ([userData].Id == [profile].UserId) select [userData] => Any()}' could not be translated and will be evaluated locally.
2020-07-09 20:18:30.7285|WARN|Microsoft.EntityFrameworkCore.Query|The LINQ expression 'where ([userData].Id == [profile].UserId)' could not be translated and will be evaluated locally.
2020-07-09 20:18:30.7285|WARN|Microsoft.EntityFrameworkCore.Query|The LINQ expression 'Any()' could not be translated and will be evaluated locally.
2020-07-09 20:20:07.4868|WARN|Microsoft.EntityFrameworkCore.Query|The LINQ expression 'where ([user].Id == [profile].UserId)' could not be translated and will be evaluated locally.
2020-07-09 20:20:07.4868|WARN|Microsoft.EntityFrameworkCore.Query|The LINQ expression 'Any()' could not be translated and will be evaluated locally.
2020-07-09 20:20:07.4868|WARN|Microsoft.EntityFrameworkCore.Query|The LINQ expression 'where {from ApplicationUser user in __users_0 where ([user].Id == [profile].UserId) select [user] => Any()}' could not be translated and will be evaluated locally.
2020-07-09 20:20:07.4934|WARN|Microsoft.EntityFrameworkCore.Query|The LINQ expression 'where ([user].Id == [profile].UserId)' could not be translated and will be evaluated locally.
2020-07-09 20:20:07.4934|WARN|Microsoft.EntityFrameworkCore.Query|The LINQ expression 'Any()' could not be translated and will be evaluated locally.
2020-07-09 20:21:36.0325|WARN|Microsoft.EntityFrameworkCore.Query|The LINQ expression 'where ([userData].Id == [profile].UserId)' could not be translated and will be evaluated locally.
2020-07-09 20:21:36.2413|WARN|Microsoft.EntityFrameworkCore.Query|The LINQ expression 'Any()' could not be translated and will be evaluated locally.
2020-07-09 20:21:36.2459|WARN|Microsoft.EntityFrameworkCore.Query|The LINQ expression 'where {from ApplicationUser userData in __users_0 where ([userData].Id == [profile].UserId) select [userData] => Any()}' could not be translated and will be evaluated locally.
2020-07-09 20:21:36.2459|WARN|Microsoft.EntityFrameworkCore.Query|The LINQ expression 'where ([userData].Id == [profile].UserId)' could not be translated and will be evaluated locally.
2020-07-09 20:21:36.2459|WARN|Microsoft.EntityFrameworkCore.Query|The LINQ expression 'Any()' could not be translated and will be evaluated locally.
2020-07-09 20:21:56.3034|WARN|Microsoft.EntityFrameworkCore.Query|The LINQ expression 'where ([user].Id == [profile].UserId)' could not be translated and will be evaluated locally.
2020-07-09 20:21:56.3101|WARN|Microsoft.EntityFrameworkCore.Query|The LINQ expression 'Any()' could not be translated and will be evaluated locally.
2020-07-09 20:21:56.3405|WARN|Microsoft.EntityFrameworkCore.Query|The LINQ expression 'where {from ApplicationUser user in __users_0 where ([user].Id == [profile].UserId) select [user] => Any()}' could not be translated and will be evaluated locally.
2020-07-09 20:21:56.3405|WARN|Microsoft.EntityFrameworkCore.Query|The LINQ expression 'where ([user].Id == [profile].UserId)' could not be translated and will be evaluated locally.
2020-07-09 20:21:56.3405|WARN|Microsoft.EntityFrameworkCore.Query|The LINQ expression 'Any()' could not be translated and will be evaluated locally.
2020-07-09 20:30:06.1748|WARN|Microsoft.EntityFrameworkCore.Query|The LINQ expression 'where ([userData].Id == [profile].UserId)' could not be translated and will be evaluated locally.
2020-07-09 20:30:06.3211|WARN|Microsoft.EntityFrameworkCore.Query|The LINQ expression 'Any()' could not be translated and will be evaluated locally.
2020-07-09 20:30:06.3246|WARN|Microsoft.EntityFrameworkCore.Query|The LINQ expression 'where {from ApplicationUser userData in __users_0 where ([userData].Id == [profile].UserId) select [userData] => Any()}' could not be translated and will be evaluated locally.
2020-07-09 20:30:06.3246|WARN|Microsoft.EntityFrameworkCore.Query|The LINQ expression 'where ([userData].Id == [profile].UserId)' could not be translated and will be evaluated locally.
2020-07-09 20:30:06.3246|WARN|Microsoft.EntityFrameworkCore.Query|The LINQ expression 'Any()' could not be translated and will be evaluated locally.
2020-07-09 20:31:14.5258|WARN|Microsoft.EntityFrameworkCore.Query|The LINQ expression 'where ([user].Id == [profile].UserId)' could not be translated and will be evaluated locally.
2020-07-09 20:31:14.5258|WARN|Microsoft.EntityFrameworkCore.Query|The LINQ expression 'Any()' could not be translated and will be evaluated locally.
2020-07-09 20:31:14.5258|WARN|Microsoft.EntityFrameworkCore.Query|The LINQ expression 'where {from ApplicationUser user in __users_0 where ([user].Id == [profile].UserId) select [user] => Any()}' could not be translated and will be evaluated locally.
2020-07-09 20:31:14.5258|WARN|Microsoft.EntityFrameworkCore.Query|The LINQ expression 'where ([user].Id == [profile].UserId)' could not be translated and will be evaluated locally.
2020-07-09 20:31:14.5258|WARN|Microsoft.EntityFrameworkCore.Query|The LINQ expression 'Any()' could not be translated and will be evaluated locally.
2020-07-09 21:27:47.7250|WARN|KalyanamMatrimony.Controllers.AccountController|http://localhost:49831/Account/ConfirmEmail?userId=d8073ad1-5f30-4317-8836-b52849ca4e71&token=CfDJ8EYzYgCxuI9CkhzAozXBnV9WXQ6Q7gVbY1ey%2FgF3y12oN%2FmYUP6b%2Bghhk9JXpdayBPSuAbGe3psU4imwg%2FvOcTYwfNBsnRkTHlqq247hXTne6oRl%2BUaOXbCi4ETQI13GcWTj3q3SbVuKWzrDljqhX0bquLr3knofOKEqoyGabKiUl0u1QYD5MAMm4xovmX3xAWTEI%2B0RmVp%2BP4DaLCwJhe7R5YmibvIN4CUg405SXLf8YE9FVm9Ux2EFK6NwXnTC4Q%3D%3D
2020-07-09 21:43:01.1147|WARN|KalyanamMatrimony.Controllers.ProfileController|http://localhost:49831/Account/ConfirmEmail?userId=9ff8e597-2da9-440f-be1d-2867fa789437&token=CfDJ8EYzYgCxuI9CkhzAozXBnV%2F0lVMvb4cyG2zHRh602TN7ZHy1EbqCFUIjkcy8JiIQP5sh%2BCpME7zspnkBg0XhTjruBeE5i9LJFGXVC38HdV8mNRCP9DQENcHN067S2kNaIdbeAbZ1K4irePyNszINe9C1mLlntChVi1yk%2FEa0YrDPHni34Rdlk7p5K2lGIRvY7Bigod1ruXEYAD6NrP9qoIZmu2Pp9R07T%2Fpzh3tiGd9tRvfd65TlfsqYQWJ0gRiNqg%3D%3D
2020-07-09 21:44:33.9328|WARN|KalyanamMatrimony.Controllers.ProfileController|http://localhost:49831/Account/ConfirmEmail?userId=9e181c8e-a980-429e-95d9-b7044fc6b07d&token=CfDJ8EYzYgCxuI9CkhzAozXBnV8v%2BGG%2FrFqYglJliD1kVAzpzRdmJJzyN%2FJntvcwE3ZJGG8zfwAU9sfrWwo6WMzELHcTYyzlvjq591NngIIUuZTns6rcDpGnfmHHWZB10HU73DYug%2Fpv2oJLjIJaGoaulbM1UjU7E9WA90nXAZMEB9%2BrllS0yHR6ka%2FWh4CPZ3WZUPA8E0tUMQJSrbqGACThajHaU2lXgTPYKJxEF68%2FDYt5GlsXqBiB1Vh6rRMqeQTdLA%3D%3D
2020-07-09 21:45:28.2899|WARN|KalyanamMatrimony.Controllers.ProfileController|http://localhost:49831/Account/ConfirmEmail?userId=b29719db-e8dc-4155-98ff-99a01af8c92b&token=CfDJ8EYzYgCxuI9CkhzAozXBnV8z0a3SROeqYVjx6Ufieit%2BK1rbNeflFgxPHxkFl7UF7hg72MhzctpnkVKkOzwDyfWaAXmWEL%2FgLID5JiHsNPZIuUVv30fGPeT%2F80dMzFpopcCwrFS4A3hOxeEM0pxxIj%2B0jd6XrDtsyCe3gkFYknN%2F9mVtItbyEIb6TLMFtFdu7iOwVBp1EOkyWKlO%2BncGZhhUHbM7X6nldVQBnN5eOQq45tm5m7%2Bv6DY%2F%2FGDu%2Btbj8g%3D%3D
2020-07-09 21:46:49.3263|WARN|KalyanamMatrimony.Controllers.ProfileController|http://localhost:49831/Account/ConfirmEmail?userId=fb953dd3-a123-47e1-a2c8-a07a1e0acd35&token=CfDJ8EYzYgCxuI9CkhzAozXBnV80UxzN1hiQYSQmzDTL2cFdlvatZ8roHbHnSbXhVBgZAB%2FAea9Ip8%2FmTRsSRcPnY5%2FY0lyOB3K%2B%2BV8wzd8nDfWogWR9XHMsc08Yg75ZRmJ7t12vn0qei3q%2FDV90M5oZtG7Qo0Krn7g5Nz%2B4Ina9WcWvaGp%2FKDXF7AS9ICKX7uh7Sg6c7mkQZ2dbV3SEQ%2FmYjj960KszprBCBeyagJij%2F8x88xt%2FQ%2BSyNYZjdBgjVSapSA%3D%3D
