2020-07-16 18:47:20.8700|WARN|Microsoft.EntityFrameworkCore.Query|The LINQ expression 'where ([userData].Id == [profile].UserId)' could not be translated and will be evaluated locally.
2020-07-16 18:47:21.0880|WARN|Microsoft.EntityFrameworkCore.Query|The LINQ expression 'Any()' could not be translated and will be evaluated locally.
2020-07-16 18:47:21.0974|WARN|Microsoft.EntityFrameworkCore.Query|The LINQ expression 'where {from ApplicationUser userData in __users_0 where ([userData].Id == [profile].UserId) select [userData] => Any()}' could not be translated and will be evaluated locally.
2020-07-16 18:47:21.0974|WARN|Microsoft.EntityFrameworkCore.Query|The LINQ expression 'where ([userData].Id == [profile].UserId)' could not be translated and will be evaluated locally.
2020-07-16 18:47:21.0974|WARN|Microsoft.EntityFrameworkCore.Query|The LINQ expression 'Any()' could not be translated and will be evaluated locally.
2020-07-16 18:47:52.2457|ERROR|Microsoft.AspNetCore.Diagnostics.DeveloperExceptionPageMiddleware|An unhandled exception has occurred while executing the request.
2020-07-16 18:54:26.2119|ERROR|Microsoft.AspNetCore.Diagnostics.DeveloperExceptionPageMiddleware|An unhandled exception has occurred while executing the request.
2020-07-16 20:04:00.1022|WARN|Microsoft.EntityFrameworkCore.Query|The LINQ expression 'where ([userData].Id == [profile].UserId)' could not be translated and will be evaluated locally.
2020-07-16 20:04:00.3905|WARN|Microsoft.EntityFrameworkCore.Query|The LINQ expression 'Any()' could not be translated and will be evaluated locally.
2020-07-16 20:04:00.3905|WARN|Microsoft.EntityFrameworkCore.Query|The LINQ expression 'where {from ApplicationUser userData in __users_0 where ([userData].Id == [profile].UserId) select [userData] => Any()}' could not be translated and will be evaluated locally.
2020-07-16 20:04:00.4063|WARN|Microsoft.EntityFrameworkCore.Query|The LINQ expression 'where ([userData].Id == [profile].UserId)' could not be translated and will be evaluated locally.
2020-07-16 20:04:00.4063|WARN|Microsoft.EntityFrameworkCore.Query|The LINQ expression 'Any()' could not be translated and will be evaluated locally.
2020-07-16 20:15:14.3530|WARN|Microsoft.EntityFrameworkCore.Query|The LINQ expression 'where ([userData].Id == [profile].UserId)' could not be translated and will be evaluated locally.
2020-07-16 20:15:14.5100|WARN|Microsoft.EntityFrameworkCore.Query|The LINQ expression 'Any()' could not be translated and will be evaluated locally.
2020-07-16 20:15:14.5100|WARN|Microsoft.EntityFrameworkCore.Query|The LINQ expression 'where {from ApplicationUser userData in __users_0 where ([userData].Id == [profile].UserId) select [userData] => Any()}' could not be translated and will be evaluated locally.
2020-07-16 20:15:14.5148|WARN|Microsoft.EntityFrameworkCore.Query|The LINQ expression 'where ([userData].Id == [profile].UserId)' could not be translated and will be evaluated locally.
2020-07-16 20:15:14.5148|WARN|Microsoft.EntityFrameworkCore.Query|The LINQ expression 'Any()' could not be translated and will be evaluated locally.
2020-07-16 22:09:27.3552|WARN|Microsoft.EntityFrameworkCore.Query|The LINQ expression 'where ([userData].Id == [profile].UserId)' could not be translated and will be evaluated locally.
2020-07-16 22:09:27.5114|WARN|Microsoft.EntityFrameworkCore.Query|The LINQ expression 'Any()' could not be translated and will be evaluated locally.
2020-07-16 22:09:27.5193|WARN|Microsoft.EntityFrameworkCore.Query|The LINQ expression 'where {from ApplicationUser userData in __users_0 where ([userData].Id == [profile].UserId) select [userData] => Any()}' could not be translated and will be evaluated locally.
2020-07-16 22:09:27.5193|WARN|Microsoft.EntityFrameworkCore.Query|The LINQ expression 'where ([userData].Id == [profile].UserId)' could not be translated and will be evaluated locally.
2020-07-16 22:09:27.5193|WARN|Microsoft.EntityFrameworkCore.Query|The LINQ expression 'Any()' could not be translated and will be evaluated locally.
2020-07-16 22:13:03.9819|WARN|Microsoft.EntityFrameworkCore.Query|The LINQ expression 'where ([userData].Id == [profile].UserId)' could not be translated and will be evaluated locally.
2020-07-16 22:13:04.1682|WARN|Microsoft.EntityFrameworkCore.Query|The LINQ expression 'Any()' could not be translated and will be evaluated locally.
2020-07-16 22:13:04.1772|WARN|Microsoft.EntityFrameworkCore.Query|The LINQ expression 'where {from ApplicationUser userData in __users_0 where ([userData].Id == [profile].UserId) select [userData] => Any()}' could not be translated and will be evaluated locally.
2020-07-16 22:13:04.1772|WARN|Microsoft.EntityFrameworkCore.Query|The LINQ expression 'where ([userData].Id == [profile].UserId)' could not be translated and will be evaluated locally.
2020-07-16 22:13:04.1772|WARN|Microsoft.EntityFrameworkCore.Query|The LINQ expression 'Any()' could not be translated and will be evaluated locally.
2020-07-16 22:13:20.9570|WARN|Microsoft.EntityFrameworkCore.Query|The LINQ expression 'where ([user].Id == [profile].UserId)' could not be translated and will be evaluated locally.
2020-07-16 22:13:20.9570|WARN|Microsoft.EntityFrameworkCore.Query|The LINQ expression 'Any()' could not be translated and will be evaluated locally.
2020-07-16 22:13:20.9747|WARN|Microsoft.EntityFrameworkCore.Query|The LINQ expression 'where {from ApplicationUser user in __users_0 where ([user].Id == [profile].UserId) select [user] => Any()}' could not be translated and will be evaluated locally.
2020-07-16 22:13:20.9747|WARN|Microsoft.EntityFrameworkCore.Query|The LINQ expression 'where ([user].Id == [profile].UserId)' could not be translated and will be evaluated locally.
2020-07-16 22:13:20.9747|WARN|Microsoft.EntityFrameworkCore.Query|The LINQ expression 'Any()' could not be translated and will be evaluated locally.
2020-07-16 22:31:37.5290|WARN|Microsoft.EntityFrameworkCore.Query|The LINQ expression 'where ([userData].Id == [profile].UserId)' could not be translated and will be evaluated locally.
2020-07-16 22:31:37.7215|WARN|Microsoft.EntityFrameworkCore.Query|The LINQ expression 'Any()' could not be translated and will be evaluated locally.
2020-07-16 22:31:37.7215|WARN|Microsoft.EntityFrameworkCore.Query|The LINQ expression 'where {from ApplicationUser userData in __users_0 where ([userData].Id == [profile].UserId) select [userData] => Any()}' could not be translated and will be evaluated locally.
2020-07-16 22:31:37.7215|WARN|Microsoft.EntityFrameworkCore.Query|The LINQ expression 'where ([userData].Id == [profile].UserId)' could not be translated and will be evaluated locally.
2020-07-16 22:31:37.7215|WARN|Microsoft.EntityFrameworkCore.Query|The LINQ expression 'Any()' could not be translated and will be evaluated locally.
2020-07-16 22:31:41.1556|WARN|Microsoft.EntityFrameworkCore.Query|The LINQ expression 'where ([user].Id == [profile].UserId)' could not be translated and will be evaluated locally.
2020-07-16 22:31:41.1556|WARN|Microsoft.EntityFrameworkCore.Query|The LINQ expression 'Any()' could not be translated and will be evaluated locally.
2020-07-16 22:31:41.1556|WARN|Microsoft.EntityFrameworkCore.Query|The LINQ expression 'where {from ApplicationUser user in __users_0 where ([user].Id == [profile].UserId) select [user] => Any()}' could not be translated and will be evaluated locally.
2020-07-16 22:31:41.1707|WARN|Microsoft.EntityFrameworkCore.Query|The LINQ expression 'where ([user].Id == [profile].UserId)' could not be translated and will be evaluated locally.
2020-07-16 22:31:41.1707|WARN|Microsoft.EntityFrameworkCore.Query|The LINQ expression 'Any()' could not be translated and will be evaluated locally.
2020-07-16 22:31:48.4201|ERROR|Microsoft.AspNetCore.Diagnostics.DeveloperExceptionPageMiddleware|An unhandled exception has occurred while executing the request.
2020-07-16 23:05:28.8565|WARN|Microsoft.EntityFrameworkCore.Query|The LINQ expression 'where ([userData].Id == [profile].UserId)' could not be translated and will be evaluated locally.
2020-07-16 23:05:29.0087|WARN|Microsoft.EntityFrameworkCore.Query|The LINQ expression 'Any()' could not be translated and will be evaluated locally.
2020-07-16 23:05:29.0140|WARN|Microsoft.EntityFrameworkCore.Query|The LINQ expression 'where {from ApplicationUser userData in __users_0 where ([userData].Id == [profile].UserId) select [userData] => Any()}' could not be translated and will be evaluated locally.
2020-07-16 23:05:29.0140|WARN|Microsoft.EntityFrameworkCore.Query|The LINQ expression 'where ([userData].Id == [profile].UserId)' could not be translated and will be evaluated locally.
2020-07-16 23:05:29.0140|WARN|Microsoft.EntityFrameworkCore.Query|The LINQ expression 'Any()' could not be translated and will be evaluated locally.
2020-07-16 23:05:37.2476|WARN|Microsoft.EntityFrameworkCore.Query|The LINQ expression 'where ([user].Id == [profile].UserId)' could not be translated and will be evaluated locally.
2020-07-16 23:05:37.2500|WARN|Microsoft.EntityFrameworkCore.Query|The LINQ expression 'Any()' could not be translated and will be evaluated locally.
2020-07-16 23:05:37.2500|WARN|Microsoft.EntityFrameworkCore.Query|The LINQ expression 'where {from ApplicationUser user in __users_0 where ([user].Id == [profile].UserId) select [user] => Any()}' could not be translated and will be evaluated locally.
2020-07-16 23:05:37.2500|WARN|Microsoft.EntityFrameworkCore.Query|The LINQ expression 'where ([user].Id == [profile].UserId)' could not be translated and will be evaluated locally.
2020-07-16 23:05:37.2500|WARN|Microsoft.EntityFrameworkCore.Query|The LINQ expression 'Any()' could not be translated and will be evaluated locally.
2020-07-16 23:12:27.5541|WARN|Microsoft.EntityFrameworkCore.Query|The LINQ expression 'where ([userData].Id == [profile].UserId)' could not be translated and will be evaluated locally.
2020-07-16 23:12:27.7914|WARN|Microsoft.EntityFrameworkCore.Query|The LINQ expression 'Any()' could not be translated and will be evaluated locally.
2020-07-16 23:12:27.7979|WARN|Microsoft.EntityFrameworkCore.Query|The LINQ expression 'where {from ApplicationUser userData in __users_0 where ([userData].Id == [profile].UserId) select [userData] => Any()}' could not be translated and will be evaluated locally.
2020-07-16 23:12:27.7979|WARN|Microsoft.EntityFrameworkCore.Query|The LINQ expression 'where ([userData].Id == [profile].UserId)' could not be translated and will be evaluated locally.
2020-07-16 23:12:27.7979|WARN|Microsoft.EntityFrameworkCore.Query|The LINQ expression 'Any()' could not be translated and will be evaluated locally.
2020-07-16 23:12:32.3392|WARN|Microsoft.EntityFrameworkCore.Query|The LINQ expression 'where ([user].Id == [profile].UserId)' could not be translated and will be evaluated locally.
2020-07-16 23:12:32.3392|WARN|Microsoft.EntityFrameworkCore.Query|The LINQ expression 'Any()' could not be translated and will be evaluated locally.
2020-07-16 23:12:32.3424|WARN|Microsoft.EntityFrameworkCore.Query|The LINQ expression 'where {from ApplicationUser user in __users_0 where ([user].Id == [profile].UserId) select [user] => Any()}' could not be translated and will be evaluated locally.
2020-07-16 23:12:32.3424|WARN|Microsoft.EntityFrameworkCore.Query|The LINQ expression 'where ([user].Id == [profile].UserId)' could not be translated and will be evaluated locally.
2020-07-16 23:12:32.3424|WARN|Microsoft.EntityFrameworkCore.Query|The LINQ expression 'Any()' could not be translated and will be evaluated locally.
2020-07-16 23:14:27.2349|WARN|KalyanamMatrimony.Controllers.AccountController|http://localhost:49831/Account/ConfirmEmail?userId=2a520cb8-cfde-425c-b8fc-4fb515cbfbbb&token=CfDJ8EYzYgCxuI9CkhzAozXBnV%2BNMbowPEE1OROLQlt5Tjnqo4nRfaphVDNdepPMxFMGc%2FgTLLO9nIAwG3UcBAbnymhOMDb6cbgzKFtTRqXdrwM9eBgCY0sn%2F9R%2F1gh4EWGna7z5j5tZ%2F9bYdblwB7DQ2N3O6hpZYIqRQ0jmkFcAM0uJGDZQD2F%2FIGLotRFNuOfRD%2F20agrMoWiM0U7BkgAaoV9K6lmH8xj7%2B9AIzwDoSjD4CuMGDOK9mHCVa0L54tPRwA%3D%3D
